<?xml version="1.0" encoding="UTF-8"?>
<testsuites>
  <testsuite name="Start_test" file="/media/sf_ishan_gamestats/application/tests/controllers/Start_test.php" tests="3" assertions="3" failures="0" errors="0" time="5.752924">
    <testcase name="test_index" class="Start_test" file="/media/sf_ishan_gamestats/application/tests/controllers/Start_test.php" line="14" assertions="1" time="5.530437"/>
    <testcase name="test_method_404" class="Start_test" file="/media/sf_ishan_gamestats/application/tests/controllers/Start_test.php" line="21" assertions="1" time="0.209658"/>
    <testcase name="test_APPPATH" class="Start_test" file="/media/sf_ishan_gamestats/application/tests/controllers/Start_test.php" line="27" assertions="1" time="0.012829"/>
  </testsuite>
</testsuites>
